app/build/intermediates/manifest_merge_blame_file/debug/manifest-merger-blame-debug-report.txt
1<?xml version="1.0" encoding="utf-8"?>
2<manifest xmlns:android="http://schemas.android.com/apk/res/android"
3    xmlns:dist="http://schemas.android.com/apk/distribution"
4    featureSplit="app"
5    package="sl.com.eightdigitz.userapp"
6    android:versionCode="1"
7    android:versionName="1.0" >
8
9    <uses-sdk
10        android:minSdkVersion="21"
10-->src\main\AndroidManifest.xml
11        android:targetSdkVersion="29" />
11-->src\main\AndroidManifest.xml
12
13    <dist:module
13-->src\main\AndroidManifest.xml:7:5-12:19
14        dist:instant="true"
14-->src\main\AndroidManifest.xml:8:9-28
15        dist:onDemand="false"
15-->src\main\AndroidManifest.xml:9:9-30
16        dist:title="@string/module_feature_app" >
16-->src\main\AndroidManifest.xml:10:9-48
17        <dist:fusing dist:include="true" />
17-->src\main\AndroidManifest.xml:11:9-44
17-->src\main\AndroidManifest.xml:11:22-41
18    </dist:module>
19
20    <uses-permission android:name="android.permission.ACCESS_NETWORK_STATE" />
20-->src\main\AndroidManifest.xml:14:5-79
20-->src\main\AndroidManifest.xml:14:22-76
21    <uses-permission android:name="android.permission.INTERNET" />
21-->src\main\AndroidManifest.xml:15:5-66
21-->src\main\AndroidManifest.xml:15:22-64
22    <uses-permission android:name="android.permission.ACCESS_NETWORK_STATE" />
22-->src\main\AndroidManifest.xml:14:5-79
22-->src\main\AndroidManifest.xml:14:22-76
23    <uses-permission android:name="android.permission.WRITE_EXTERNAL_STORAGE" />
23-->src\main\AndroidManifest.xml:17:5-81
23-->src\main\AndroidManifest.xml:17:22-78
24    <uses-permission android:name="android.permission.READ_EXTERNAL_STORAGE" />
24-->src\main\AndroidManifest.xml:18:5-80
24-->src\main\AndroidManifest.xml:18:22-77
25
26    <application android:debuggable="true" >
26-->src\main\AndroidManifest.xml:20:5-126:19
27        <activity
27-->src\main\AndroidManifest.xml:21:9-26:70
28            android:name="sl.com.eightdigitz.app.presentation.main.MainActivity"
28-->src\main\AndroidManifest.xml:22:13-59
29            android:launchMode="singleTop"
29-->src\main\AndroidManifest.xml:23:13-43
30            android:screenOrientation="portrait"
30-->src\main\AndroidManifest.xml:24:13-49
31            android:splitName="app"
32            android:theme="@style/AppTheme.NoActionBar"
32-->src\main\AndroidManifest.xml:25:13-56
33            android:windowSoftInputMode="stateHidden|adjustResize" />
33-->src\main\AndroidManifest.xml:26:13-67
34        <activity
34-->src\main\AndroidManifest.xml:27:9-31:70
35            android:name="sl.com.eightdigitz.app.presentation.search.preferenceSearch.SearchTalentByPreference"
35-->src\main\AndroidManifest.xml:28:13-90
36            android:screenOrientation="portrait"
36-->src\main\AndroidManifest.xml:29:13-49
37            android:splitName="app"
38            android:theme="@style/AppTheme"
38-->src\main\AndroidManifest.xml:30:13-44
39            android:windowSoftInputMode="stateHidden|adjustResize" />
39-->src\main\AndroidManifest.xml:31:13-67
40        <activity
40-->src\main\AndroidManifest.xml:32:9-36:70
41            android:name="sl.com.eightdigitz.app.presentation.search.recentSearch.RecentSearches"
41-->src\main\AndroidManifest.xml:33:13-76
42            android:screenOrientation="portrait"
42-->src\main\AndroidManifest.xml:34:13-49
43            android:splitName="app"
44            android:theme="@style/AppTheme.NoActionBar"
44-->src\main\AndroidManifest.xml:35:13-56
45            android:windowSoftInputMode="stateHidden|adjustResize" />
45-->src\main\AndroidManifest.xml:36:13-67
46        <activity
46-->src\main\AndroidManifest.xml:37:9-41:63
47            android:name="sl.com.eightdigitz.app.presentation.profile.ViewProfile"
47-->src\main\AndroidManifest.xml:38:13-61
48            android:screenOrientation="portrait"
48-->src\main\AndroidManifest.xml:39:13-49
49            android:splitName="app"
50            android:theme="@style/AppTheme.NoActionBar"
50-->src\main\AndroidManifest.xml:40:13-56
51            android:windowSoftInputMode="stateAlwaysHidden" />
51-->src\main\AndroidManifest.xml:41:13-60
52        <activity
52-->src\main\AndroidManifest.xml:42:9-46:70
53            android:name="sl.com.eightdigitz.app.presentation.order.addNewOrder.ConfirmOrder"
53-->src\main\AndroidManifest.xml:43:13-72
54            android:screenOrientation="portrait"
54-->src\main\AndroidManifest.xml:44:13-49
55            android:splitName="app"
56            android:theme="@style/AppTheme"
56-->src\main\AndroidManifest.xml:45:13-44
57            android:windowSoftInputMode="stateHidden|adjustResize" />
57-->src\main\AndroidManifest.xml:46:13-67
58        <activity
58-->src\main\AndroidManifest.xml:47:9-51:70
59            android:name="sl.com.eightdigitz.app.presentation.order.addNewOrder.PaymentCheckout"
59-->src\main\AndroidManifest.xml:48:13-75
60            android:screenOrientation="portrait"
60-->src\main\AndroidManifest.xml:49:13-49
61            android:splitName="app"
62            android:theme="@style/AppTheme"
62-->src\main\AndroidManifest.xml:50:13-44
63            android:windowSoftInputMode="stateHidden|adjustResize" />
63-->src\main\AndroidManifest.xml:51:13-67
64        <activity
64-->src\main\AndroidManifest.xml:52:9-56:70
65            android:name="sl.com.eightdigitz.app.presentation.order.addNewOrder.OrderInstructions"
65-->src\main\AndroidManifest.xml:53:13-77
66            android:screenOrientation="portrait"
66-->src\main\AndroidManifest.xml:54:13-49
67            android:splitName="app"
68            android:theme="@style/AppTheme"
68-->src\main\AndroidManifest.xml:55:13-44
69            android:windowSoftInputMode="stateHidden|adjustResize" />
69-->src\main\AndroidManifest.xml:56:13-67
70        <activity
70-->src\main\AndroidManifest.xml:57:9-61:70
71            android:name="sl.com.eightdigitz.app.presentation.order.addNewOrder.OrderDetails"
71-->src\main\AndroidManifest.xml:58:13-72
72            android:screenOrientation="portrait"
72-->src\main\AndroidManifest.xml:59:13-49
73            android:splitName="app"
74            android:theme="@style/AppTheme"
74-->src\main\AndroidManifest.xml:60:13-44
75            android:windowSoftInputMode="stateHidden|adjustResize" />
75-->src\main\AndroidManifest.xml:61:13-67
76        <activity
76-->src\main\AndroidManifest.xml:62:9-66:63
77            android:name="sl.com.eightdigitz.app.presentation.order.userOrders.UserOrders"
77-->src\main\AndroidManifest.xml:63:13-69
78            android:screenOrientation="portrait"
78-->src\main\AndroidManifest.xml:64:13-49
79            android:splitName="app"
80            android:theme="@style/AppTheme"
80-->src\main\AndroidManifest.xml:65:13-44
81            android:windowSoftInputMode="stateAlwaysHidden" />
81-->src\main\AndroidManifest.xml:66:13-60
82        <activity
82-->src\main\AndroidManifest.xml:67:9-71:63
83            android:name="sl.com.eightdigitz.app.presentation.order.userOrders.OrderSummary"
83-->src\main\AndroidManifest.xml:68:13-71
84            android:screenOrientation="portrait"
84-->src\main\AndroidManifest.xml:69:13-49
85            android:splitName="app"
86            android:theme="@style/AppTheme"
86-->src\main\AndroidManifest.xml:70:13-44
87            android:windowSoftInputMode="stateAlwaysHidden" />
87-->src\main\AndroidManifest.xml:71:13-60
88        <activity
88-->src\main\AndroidManifest.xml:72:9-76:63
89            android:name="sl.com.eightdigitz.app.presentation.order.userOrders.OrderToProceed"
89-->src\main\AndroidManifest.xml:73:13-73
90            android:screenOrientation="portrait"
90-->src\main\AndroidManifest.xml:74:13-49
91            android:splitName="app"
92            android:theme="@style/AppTheme"
92-->src\main\AndroidManifest.xml:75:13-44
93            android:windowSoftInputMode="stateAlwaysHidden" />
93-->src\main\AndroidManifest.xml:76:13-60
94        <activity
94-->src\main\AndroidManifest.xml:77:9-81:63
95            android:name="sl.com.eightdigitz.app.presentation.explore.Explore"
95-->src\main\AndroidManifest.xml:78:13-57
96            android:screenOrientation="portrait"
96-->src\main\AndroidManifest.xml:79:13-49
97            android:splitName="app"
98            android:theme="@style/AppTheme.NoActionBar"
98-->src\main\AndroidManifest.xml:80:13-56
99            android:windowSoftInputMode="stateAlwaysHidden" />
99-->src\main\AndroidManifest.xml:81:13-60
100        <activity
100-->src\main\AndroidManifest.xml:82:9-86:70
101            android:name="sl.com.eightdigitz.app.presentation.profile.EditProfile"
101-->src\main\AndroidManifest.xml:83:13-61
102            android:screenOrientation="portrait"
102-->src\main\AndroidManifest.xml:84:13-49
103            android:splitName="app"
104            android:theme="@style/AppTheme.NoActionBar"
104-->src\main\AndroidManifest.xml:85:13-56
105            android:windowSoftInputMode="stateHidden|adjustResize" />
105-->src\main\AndroidManifest.xml:86:13-67
106        <activity
106-->src\main\AndroidManifest.xml:87:9-91:63
107            android:name="sl.com.eightdigitz.app.presentation.reminder.Reminders"
107-->src\main\AndroidManifest.xml:88:13-60
108            android:screenOrientation="portrait"
108-->src\main\AndroidManifest.xml:89:13-49
109            android:splitName="app"
110            android:theme="@style/AppTheme"
110-->src\main\AndroidManifest.xml:90:13-44
111            android:windowSoftInputMode="stateAlwaysHidden" />
111-->src\main\AndroidManifest.xml:91:13-60
112        <activity
112-->src\main\AndroidManifest.xml:92:9-96:58
113            android:name="sl.com.eightdigitz.app.presentation.favourite.Favourites"
113-->src\main\AndroidManifest.xml:93:13-62
114            android:screenOrientation="portrait"
114-->src\main\AndroidManifest.xml:94:13-49
115            android:splitName="app"
116            android:theme="@style/AppTheme"
116-->src\main\AndroidManifest.xml:95:13-44
117            android:windowSoftInputMode="adjustResize" />
117-->src\main\AndroidManifest.xml:96:13-55
118        <activity
118-->src\main\AndroidManifest.xml:97:9-101:58
119            android:name="sl.com.eightdigitz.app.presentation.profile.UpdateMobile"
119-->src\main\AndroidManifest.xml:98:13-62
120            android:screenOrientation="portrait"
120-->src\main\AndroidManifest.xml:99:13-49
121            android:splitName="app"
122            android:theme="@style/AppTheme"
122-->src\main\AndroidManifest.xml:100:13-44
123            android:windowSoftInputMode="adjustResize" />
123-->src\main\AndroidManifest.xml:101:13-55
124        <activity
124-->src\main\AndroidManifest.xml:102:9-106:58
125            android:name="sl.com.eightdigitz.app.presentation.reminder.AddNewReminder"
125-->src\main\AndroidManifest.xml:103:13-65
126            android:screenOrientation="portrait"
126-->src\main\AndroidManifest.xml:104:13-49
127            android:splitName="app"
128            android:theme="@style/AppTheme"
128-->src\main\AndroidManifest.xml:105:13-44
129            android:windowSoftInputMode="adjustResize" />
129-->src\main\AndroidManifest.xml:106:13-55
130        <activity
130-->src\main\AndroidManifest.xml:107:9-111:63
131            android:name="sl.com.eightdigitz.app.presentation.settings.Settings"
131-->src\main\AndroidManifest.xml:108:13-59
132            android:screenOrientation="portrait"
132-->src\main\AndroidManifest.xml:109:13-49
133            android:splitName="app"
134            android:theme="@style/AppTheme.NoActionBar"
134-->src\main\AndroidManifest.xml:110:13-56
135            android:windowSoftInputMode="stateAlwaysHidden" />
135-->src\main\AndroidManifest.xml:111:13-60
136        <activity
136-->src\main\AndroidManifest.xml:112:9-116:63
137            android:name="sl.com.eightdigitz.app.presentation.preferences.PreferenceEdit"
137-->src\main\AndroidManifest.xml:113:13-68
138            android:screenOrientation="portrait"
138-->src\main\AndroidManifest.xml:114:13-49
139            android:splitName="app"
140            android:theme="@style/AppTheme"
140-->src\main\AndroidManifest.xml:115:13-44
141            android:windowSoftInputMode="stateAlwaysHidden" />
141-->src\main\AndroidManifest.xml:116:13-60
142        <activity
142-->src\main\AndroidManifest.xml:117:9-120:58
143            android:name="sl.com.eightdigitz.app.presentation.order.userOrders.ViewShoutOutVideo"
143-->src\main\AndroidManifest.xml:118:13-76
144            android:screenOrientation="portrait"
144-->src\main\AndroidManifest.xml:119:13-49
145            android:splitName="app"
146            android:theme="@style/AppTheme.FullScreen" />
146-->src\main\AndroidManifest.xml:120:13-55
147        <activity
147-->src\main\AndroidManifest.xml:121:9-125:58
148            android:name="sl.com.eightdigitz.app.presentation.profile.VerifyMobileOTP"
148-->src\main\AndroidManifest.xml:122:13-65
149            android:screenOrientation="portrait"
149-->src\main\AndroidManifest.xml:123:13-49
150            android:splitName="app"
151            android:theme="@style/AppTheme"
151-->src\main\AndroidManifest.xml:124:13-44
152            android:windowSoftInputMode="adjustResize" />
152-->src\main\AndroidManifest.xml:125:13-55
153    </application>
154
155    <uses-split android:name="notifications" />
156
157</manifest>